This file contains any messages produced by compilers while
running configure, to aid debugging if configure makes a mistake.

It was created by bluez configure 5.22, which was
generated by GNU Autoconf 2.69.  Invocation command line was

  $ ./configure --prefix=/usr --mandir=/usr/share/man --sysconfdir=/etc --localstatedir=/var --enable-experimental --with-systemdsystemunitdir=/lib/systemd/system --with-systemduserunitdir=/usr/lib/systemd

## --------- ##
## Platform. ##
## --------- ##

hostname = dorbe
uname -m = x86_64
uname -r = 3.16.0-custom
uname -s = Linux
uname -v = #2 SMP Fri Aug 22 22:38:28 BRT 2014

/usr/bin/uname -p = unknown
/bin/uname -X     = unknown

/bin/arch              = unknown
/usr/bin/arch -k       = unknown
/usr/convex/getsysinfo = unknown
/usr/bin/hostinfo      = unknown
/bin/machine           = unknown
/usr/bin/oslevel       = unknown
/bin/universe          = unknown

PATH: /usr/local/sbin
PATH: /usr/local/bin
PATH: /usr/sbin
PATH: /usr/bin
PATH: /sbin
PATH: /bin


## ----------- ##
## Core tests. ##
## ----------- ##

configure:2399: checking for a BSD-compatible install
configure:2467: result: /usr/bin/install -c
configure:2478: checking whether build environment is sane
configure:2528: result: yes
configure:2669: checking for a thread-safe mkdir -p
configure:2708: result: /bin/mkdir -p
configure:2721: checking for gawk
configure:2737: found /usr/bin/gawk
configure:2748: result: gawk
configure:2759: checking whether make sets $(MAKE)
configure:2781: result: yes
configure:2810: checking whether make supports nested variables
configure:2827: result: yes
configure:2895: checking how to create a pax tar archive
configure:2908: tar --version
tar (GNU tar) 1.26
Copyright (C) 2011 Free Software Foundation, Inc.
License GPLv3+: GNU GPL version 3 or later <http://gnu.org/licenses/gpl.html>.
This is free software: you are free to change and redistribute it.
There is NO WARRANTY, to the extent permitted by law.

Written by John Gilmore and Jay Fenlason.
configure:2911: $? = 0
configure:2951: tardir=conftest.dir && eval tar --format=posix -chf - "$tardir" >conftest.tar
configure:2954: $? = 0
configure:2958: tar -xf - <conftest.tar
configure:2961: $? = 0
configure:2974: result: gnutar
configure:2995: checking for style of include used by make
configure:3023: result: GNU
configure:3094: checking for gcc
configure:3110: found /usr/bin/gcc
configure:3121: result: gcc
configure:3350: checking for C compiler version
configure:3359: gcc --version >&5
gcc (Debian 4.7.2-5) 4.7.2
Copyright (C) 2012 Free Software Foundation, Inc.
This is free software; see the source for copying conditions.  There is NO
warranty; not even for MERCHANTABILITY or FITNESS FOR A PARTICULAR PURPOSE.

configure:3370: $? = 0
configure:3359: gcc -v >&5
Using built-in specs.
COLLECT_GCC=gcc
COLLECT_LTO_WRAPPER=/usr/lib/gcc/x86_64-linux-gnu/4.7/lto-wrapper
Target: x86_64-linux-gnu
Configured with: ../src/configure -v --with-pkgversion='Debian 4.7.2-5' --with-bugurl=file:///usr/share/doc/gcc-4.7/README.Bugs --enable-languages=c,c++,go,fortran,objc,obj-c++ --prefix=/usr --program-suffix=-4.7 --enable-shared --enable-linker-build-id --with-system-zlib --libexecdir=/usr/lib --without-included-gettext --enable-threads=posix --with-gxx-include-dir=/usr/include/c++/4.7 --libdir=/usr/lib --enable-nls --with-sysroot=/ --enable-clocale=gnu --enable-libstdcxx-debug --enable-libstdcxx-time=yes --enable-gnu-unique-object --enable-plugin --enable-objc-gc --with-arch-32=i586 --with-tune=generic --enable-checking=release --build=x86_64-linux-gnu --host=x86_64-linux-gnu --target=x86_64-linux-gnu
Thread model: posix
gcc version 4.7.2 (Debian 4.7.2-5) 
configure:3370: $? = 0
configure:3359: gcc -V >&5
gcc: error: unrecognized command line option '-V'
gcc: fatal error: no input files
compilation terminated.
configure:3370: $? = 4
configure:3359: gcc -qversion >&5
gcc: error: unrecognized command line option '-qversion'
gcc: fatal error: no input files
compilation terminated.
configure:3370: $? = 4
configure:3390: checking whether the C compiler works
configure:3412: gcc    conftest.c  >&5
configure:3416: $? = 0
configure:3464: result: yes
configure:3467: checking for C compiler default output file name
configure:3469: result: a.out
configure:3475: checking for suffix of executables
configure:3482: gcc -o conftest    conftest.c  >&5
configure:3486: $? = 0
configure:3508: result: 
configure:3530: checking whether we are cross compiling
configure:3538: gcc -o conftest    conftest.c  >&5
configure:3542: $? = 0
configure:3549: ./conftest
configure:3553: $? = 0
configure:3568: result: no
configure:3573: checking for suffix of object files
configure:3595: gcc -c   conftest.c >&5
configure:3599: $? = 0
configure:3620: result: o
configure:3624: checking whether we are using the GNU C compiler
configure:3643: gcc -c   conftest.c >&5
configure:3643: $? = 0
configure:3652: result: yes
configure:3661: checking whether gcc accepts -g
configure:3681: gcc -c -g  conftest.c >&5
configure:3681: $? = 0
configure:3722: result: yes
configure:3739: checking for gcc option to accept ISO C89
configure:3802: gcc  -c -g -O2  conftest.c >&5
configure:3802: $? = 0
configure:3815: result: none needed
configure:3837: checking dependency style of gcc
configure:3948: result: gcc3
configure:3969: checking how to run the C preprocessor
configure:4000: gcc -E  conftest.c
configure:4000: $? = 0
configure:4014: gcc -E  conftest.c
conftest.c:11:28: fatal error: ac_nonexistent.h: No such file or directory
compilation terminated.
configure:4014: $? = 1
configure: failed program was:
| /* confdefs.h */
| #define PACKAGE_NAME "bluez"
| #define PACKAGE_TARNAME "bluez"
| #define PACKAGE_VERSION "5.22"
| #define PACKAGE_STRING "bluez 5.22"
| #define PACKAGE_BUGREPORT ""
| #define PACKAGE_URL ""
| #define PACKAGE "bluez"
| #define VERSION "5.22"
| /* end confdefs.h.  */
| #include <ac_nonexistent.h>
configure:4039: result: gcc -E
configure:4059: gcc -E  conftest.c
configure:4059: $? = 0
configure:4073: gcc -E  conftest.c
conftest.c:11:28: fatal error: ac_nonexistent.h: No such file or directory
compilation terminated.
configure:4073: $? = 1
configure: failed program was:
| /* confdefs.h */
| #define PACKAGE_NAME "bluez"
| #define PACKAGE_TARNAME "bluez"
| #define PACKAGE_VERSION "5.22"
| #define PACKAGE_STRING "bluez 5.22"
| #define PACKAGE_BUGREPORT ""
| #define PACKAGE_URL ""
| #define PACKAGE "bluez"
| #define VERSION "5.22"
| /* end confdefs.h.  */
| #include <ac_nonexistent.h>
configure:4102: checking for grep that handles long lines and -e
configure:4160: result: /bin/grep
configure:4165: checking for egrep
configure:4227: result: /bin/grep -E
configure:4232: checking for ANSI C header files
configure:4252: gcc -c -g -O2  conftest.c >&5
configure:4252: $? = 0
configure:4325: gcc -o conftest -g -O2   conftest.c  >&5

## ---------------- ##
## Cache variables. ##
## ---------------- ##

ac_cv_c_compiler_gnu=yes
ac_cv_env_CC_set=
ac_cv_env_CC_value=
ac_cv_env_CFLAGS_set=
ac_cv_env_CFLAGS_value=
ac_cv_env_CPPFLAGS_set=
ac_cv_env_CPPFLAGS_value=
ac_cv_env_CPP_set=
ac_cv_env_CPP_value=
ac_cv_env_DBUS_CFLAGS_set=
ac_cv_env_DBUS_CFLAGS_value=
ac_cv_env_DBUS_LIBS_set=
ac_cv_env_DBUS_LIBS_value=
ac_cv_env_GLIB_CFLAGS_set=
ac_cv_env_GLIB_CFLAGS_value=
ac_cv_env_GLIB_LIBS_set=
ac_cv_env_GLIB_LIBS_value=
ac_cv_env_GTHREAD_CFLAGS_set=
ac_cv_env_GTHREAD_CFLAGS_value=
ac_cv_env_GTHREAD_LIBS_set=
ac_cv_env_GTHREAD_LIBS_value=
ac_cv_env_ICAL_CFLAGS_set=
ac_cv_env_ICAL_CFLAGS_value=
ac_cv_env_ICAL_LIBS_set=
ac_cv_env_ICAL_LIBS_value=
ac_cv_env_LDFLAGS_set=
ac_cv_env_LDFLAGS_value=
ac_cv_env_LIBS_set=
ac_cv_env_LIBS_value=
ac_cv_env_PKG_CONFIG_LIBDIR_set=
ac_cv_env_PKG_CONFIG_LIBDIR_value=
ac_cv_env_PKG_CONFIG_PATH_set=
ac_cv_env_PKG_CONFIG_PATH_value=
ac_cv_env_PKG_CONFIG_set=
ac_cv_env_PKG_CONFIG_value=
ac_cv_env_SBC_CFLAGS_set=
ac_cv_env_SBC_CFLAGS_value=
ac_cv_env_SBC_LIBS_set=
ac_cv_env_SBC_LIBS_value=
ac_cv_env_SPEEXDSP_CFLAGS_set=
ac_cv_env_SPEEXDSP_CFLAGS_value=
ac_cv_env_SPEEXDSP_LIBS_set=
ac_cv_env_SPEEXDSP_LIBS_value=
ac_cv_env_UDEV_CFLAGS_set=
ac_cv_env_UDEV_CFLAGS_value=
ac_cv_env_UDEV_LIBS_set=
ac_cv_env_UDEV_LIBS_value=
ac_cv_env_build_alias_set=
ac_cv_env_build_alias_value=
ac_cv_env_host_alias_set=
ac_cv_env_host_alias_value=
ac_cv_env_target_alias_set=
ac_cv_env_target_alias_value=
ac_cv_header_stdc=yes
ac_cv_objext=o
ac_cv_path_EGREP='/bin/grep -E'
ac_cv_path_GREP=/bin/grep
ac_cv_path_install='/usr/bin/install -c'
ac_cv_path_mkdir=/bin/mkdir
ac_cv_prog_AWK=gawk
ac_cv_prog_CPP='gcc -E'
ac_cv_prog_ac_ct_CC=gcc
ac_cv_prog_cc_c89=
ac_cv_prog_cc_g=yes
ac_cv_prog_make_make_set=yes
am_cv_CC_dependencies_compiler_type=gcc3
am_cv_make_support_nested_variables=yes
am_cv_prog_tar_pax=gnutar

## ----------------- ##
## Output variables. ##
## ----------------- ##

ACLOCAL='${SHELL} /home/asantos/git/BlueLE/bluez-5.22/missing --run aclocal-1.11'
AMDEPBACKSLASH='\'
AMDEP_FALSE='#'
AMDEP_TRUE=''
AMTAR='$${TAR-tar}'
AM_BACKSLASH='\'
AM_DEFAULT_V='$(AM_DEFAULT_VERBOSITY)'
AM_DEFAULT_VERBOSITY='1'
AM_V='$(V)'
ANDROID_FALSE=''
ANDROID_TRUE=''
AR=''
AUTOCONF='${SHELL} /home/asantos/git/BlueLE/bluez-5.22/missing --run autoconf'
AUTOHEADER='${SHELL} /home/asantos/git/BlueLE/bluez-5.22/missing --run autoheader'
AUTOMAKE='${SHELL} /home/asantos/git/BlueLE/bluez-5.22/missing --run automake-1.11'
AWK='gawk'
CC='gcc'
CCDEPMODE='depmode=gcc3'
CFLAGS='-g -O2'
CLIENT_FALSE=''
CLIENT_TRUE=''
CONFIGDIR=''
CPP='gcc -E'
CPPFLAGS=''
CUPS_FALSE=''
CUPS_TRUE=''
CYGPATH_W='echo'
DATAFILES_FALSE=''
DATAFILES_TRUE=''
DBUS_CFLAGS=''
DBUS_CONFDIR=''
DBUS_LIBS=''
DBUS_SESSIONBUSDIR=''
DBUS_SYSTEMBUSDIR=''
DEFS=''
DEPDIR='.deps'
DLLTOOL=''
DSYMUTIL=''
DUMPBIN=''
ECHO_C=''
ECHO_N='-n'
ECHO_T=''
EGREP='/bin/grep -E'
EXEEXT=''
EXPERIMENTAL_FALSE=''
EXPERIMENTAL_TRUE=''
FGREP=''
GLIB_CFLAGS=''
GLIB_LIBS=''
GREP='/bin/grep'
GTHREAD_CFLAGS=''
GTHREAD_LIBS=''
HID2HCI_FALSE=''
HID2HCI_TRUE=''
ICAL_CFLAGS=''
ICAL_LIBS=''
INSTALL_DATA='${INSTALL} -m 644'
INSTALL_PROGRAM='${INSTALL}'
INSTALL_SCRIPT='${INSTALL}'
INSTALL_STRIP_PROGRAM='$(install_sh) -c -s'
LD=''
LDFLAGS=''
LIBOBJS=''
LIBRARY_FALSE=''
LIBRARY_TRUE=''
LIBS=''
LIBTOOL=''
LIPO=''
LN_S=''
LTLIBOBJS=''
MAINT=''
MAINTAINER_MODE_FALSE=''
MAINTAINER_MODE_TRUE=''
MAKEINFO='${SHELL} /home/asantos/git/BlueLE/bluez-5.22/missing --run makeinfo'
MANIFEST_TOOL=''
MANPAGES_FALSE=''
MANPAGES_TRUE=''
MISC_CFLAGS=''
MISC_LDFLAGS=''
MKDIR_P='/bin/mkdir -p'
MONITOR_FALSE=''
MONITOR_TRUE=''
NM=''
NMEDIT=''
OBEX_FALSE=''
OBEX_TRUE=''
OBJDUMP=''
OBJEXT='o'
OTOOL64=''
OTOOL=''
PACKAGE='bluez'
PACKAGE_BUGREPORT=''
PACKAGE_NAME='bluez'
PACKAGE_STRING='bluez 5.22'
PACKAGE_TARNAME='bluez'
PACKAGE_URL=''
PACKAGE_VERSION='5.22'
PATH_SEPARATOR=':'
PKG_CONFIG=''
PKG_CONFIG_LIBDIR=''
PKG_CONFIG_PATH=''
RANLIB=''
READLINE_FALSE=''
READLINE_TRUE=''
SBC_CFLAGS=''
SBC_LIBS=''
SED=''
SET_MAKE=''
SHELL='/bin/bash'
SIXAXIS_FALSE=''
SIXAXIS_TRUE=''
SPEEXDSP_CFLAGS=''
SPEEXDSP_LIBS=''
STRIP=''
SYSTEMD_FALSE=''
SYSTEMD_SYSTEMUNITDIR=''
SYSTEMD_TRUE=''
SYSTEMD_USERUNITDIR=''
TEST_FALSE=''
TEST_TRUE=''
TOOLS_FALSE=''
TOOLS_TRUE=''
UDEV_CFLAGS=''
UDEV_DIR=''
UDEV_FALSE=''
UDEV_LIBS=''
UDEV_TRUE=''
VERSION='5.22'
WARNING_CFLAGS=''
ac_ct_AR=''
ac_ct_CC='gcc'
ac_ct_DUMPBIN=''
am__EXEEXT_FALSE=''
am__EXEEXT_TRUE=''
am__fastdepCC_FALSE='#'
am__fastdepCC_TRUE=''
am__include='include'
am__isrc=''
am__leading_dot='.'
am__nodep='_no'
am__quote=''
am__tar='tar --format=posix -chf - "$$tardir"'
am__untar='tar -xf -'
bindir='${exec_prefix}/bin'
build=''
build_alias=''
build_cpu=''
build_os=''
build_vendor=''
datadir='${datarootdir}'
datarootdir='${prefix}/share'
docdir='${datarootdir}/doc/${PACKAGE_TARNAME}'
dvidir='${docdir}'
exec_prefix='NONE'
host=''
host_alias=''
host_cpu=''
host_os=''
host_vendor=''
htmldir='${docdir}'
includedir='${prefix}/include'
infodir='${datarootdir}/info'
install_sh='${SHELL} /home/asantos/git/BlueLE/bluez-5.22/install-sh'
libdir='${exec_prefix}/lib'
libexecdir='${exec_prefix}/libexec'
localedir='${datarootdir}/locale'
localstatedir='/var'
mandir='/usr/share/man'
mkdir_p='/bin/mkdir -p'
oldincludedir='/usr/include'
pdfdir='${docdir}'
prefix='/usr'
program_transform_name='s,x,x,'
psdir='${docdir}'
sbindir='${exec_prefix}/sbin'
sharedstatedir='${prefix}/com'
sysconfdir='/etc'
target_alias=''

## ----------- ##
## confdefs.h. ##
## ----------- ##

/* confdefs.h */
#define PACKAGE_NAME "bluez"
#define PACKAGE_TARNAME "bluez"
#define PACKAGE_VERSION "5.22"
#define PACKAGE_STRING "bluez 5.22"
#define PACKAGE_BUGREPORT ""
#define PACKAGE_URL ""
#define PACKAGE "bluez"
#define VERSION "5.22"

configure: caught signal 2
configure: exit 1
